## Mon Feb 17 16:56:52 2014:
/usr/local/meqtrees/Owlcat/pyxis MS=VLAC-snapshot-21cm.MS resample_tf
## Mon Feb 17 16:57:08 2014:
/usr/local/meqtrees/Owlcat/pyxis MS=VLAC-snapshot-21cm.MS resample_tf
## Mon Feb 17 16:57:51 2014:
/usr/local/meqtrees/Owlcat/pyxis MS=VLAC-snapshot-21cm.MS msinfo
## Mon Feb 17 16:58:05 2014:
/usr/local/meqtrees/Owlcat/pyxis msinfo
## Mon Feb 17 16:58:08 2014:
/usr/local/meqtrees/Owlcat/pyxis MS=VLAC-snapshot-21cm.MS msinfo
## Mon Feb 17 16:58:18 2014:
/usr/local/meqtrees/Owlcat/pyxis MS=VLAC-snapshot-21cm.MS resample_tf
## Mon Feb 17 17:08:53 2014:
/usr/local/meqtrees/Owlcat/pyxis MS=VLAC-snapshot-21cm.MS resample_tf[VLAC-snapshot-21cm-hires.MS/]
## Mon Feb 17 17:41:32 2014:
/usr/local/meqtrees/Owlcat/pyxis MS=VLAC-snapshot-21cm.MS resample_tf [mshi=VLAC-snapshot-21cm-hires.MS/,nfreq=1000,chan0=30,fov=2.,overlap=0,oper=avg,column=DATA,outcolumn=CORRECTED_DATA,image=True]
## Mon Feb 17 17:42:14 2014:
/usr/local/meqtrees/Owlcat/pyxis MS=VLAC-snapshot-21cm.MS resample_tf [VLAC-snapshot-21cm-hires.MS,1000,30,2.,0,avg,DATA,CORRECTED_DATA,image=True]
## Mon Feb 17 17:42:26 2014:
/usr/local/meqtrees/Owlcat/pyxis MS=VLAC-snapshot-21cm.MS resample_tf[VLAC-snapshot-21cm-hires.MS,1000,30,2.,0,avg,DATA,CORRECTED_DATA,image=True]
## Mon Feb 17 17:43:45 2014:
/usr/local/meqtrees/Owlcat/pyxis MS=VLAC-snapshot-21cm.MS resample_tf[VLAC-snapshot-21cm-hires.MS]
## Mon Feb 17 20:14:23 2014:
/usr/local/meqtrees/Owlcat/pyxis MS=VLAC-snapshot-21cm.MS resample_tf[VLAC-snapshot-21cm-hires.MS/]
## Mon Feb 17 20:16:52 2014:
/usr/local/meqtrees/Owlcat/pyxis MS=VLAC-snapshot-21cm.MS resample_tf[VLAC-snapshot-21cm-hires.MS/]
## Mon Feb 17 20:17:29 2014:
/usr/local/meqtrees/Owlcat/pyxis MS=VLAC-snapshot-21cm.MS resample_tf[VLAC-snapshot-21cm-hires.MS/]
## Thu Feb 20 17:38:42 2014:
/usr/local/meqtrees/Owlcat/pyxis MS=VLAC-snapshot-21cm.MS def resample_tf [mshi=None,nfreq=None,chan0=None,fov=2.,overlap=10,oper=sinc,column=DATA,outcolumn=CORRECTED_DATA,image=True]
## Thu Feb 20 17:40:46 2014:
/usr/local/meqtrees/Owlcat/pyxis MS=VLAC-snapshot-21cm.MS resample_tf_series
## Thu Feb 20 17:40:59 2014:
/usr/local/meqtrees/Owlcat/pyxis MS=VLAC-snapshot-21cm.MS resample_tf_series
## Thu Feb 20 17:46:11 2014:
/usr/local/meqtrees/Owlcat/pyxis MS=VLAC-snapshot-21cm.MS resample_tf[VLAC-snapshot-21cm-hires.MS,None,None,2.,10,sinc,DATA,CORRECTED_DATA,True,file]
## Thu Feb 20 17:46:43 2014:
/usr/local/meqtrees/Owlcat/pyxis MS=VLAC-snapshot-21cm.MS resample_tf[VLAC-snapshot-21cm-hires.MS,None,None,2.,10,sinc,DATA,CORRECTED_DATA,True,file.txt]
## Thu Feb 20 17:47:13 2014:
/usr/local/meqtrees/Owlcat/pyxis MS=VLAC-snapshot-21cm.MS resample_tf[VLAC-snapshot-21cm-hires.MS,None,None,2.,10,sinc,DATA,CORRECTED_DATA,True,file.txt]
## Thu Feb 20 17:48:08 2014:
/usr/local/meqtrees/Owlcat/pyxis MS=VLAC-snapshot-21cm.MS resample_tf_series[VLAC-snapshot-21cm-hires.MS]
## Thu Feb 20 17:48:13 2014:
/usr/local/meqtrees/Owlcat/pyxis MS=VLAC-snapshot-21cm.MS resample_tf_series[VLAC-snapshot-21cm-hires.MS]
## Fri Feb 21 15:48:50 2014:
/usr/local/meqtrees/Owlcat/pyxis MS=VLAC-snapshot-21cm.MS resample_tf_series[VLAC-snapshot-21cm-hires.MS]
## Fri Feb 21 15:48:56 2014:
/usr/local/meqtrees/Owlcat/pyxis MS=VLAC-snapshot-21cm.MS resample_tf_series[VLAC-snapshot-21cm-hires.MS]
## Fri Feb 21 15:49:24 2014:
/usr/local/meqtrees/Owlcat/pyxis MS=VLAC-snapshot-21cm.MS resample_tf_series[False,VLAC-snapshot-21cm-hires.MS]
## Fri Feb 21 15:49:43 2014:
/usr/local/meqtrees/Owlcat/pyxis MS=VLAC-snapshot-21cm.MS resample_tf_series[False]
## Fri Feb 21 15:49:49 2014:
/usr/local/meqtrees/Owlcat/pyxis MS=VLAC-snapshot-21cm.MS resample_tf_series
