This is pdfTeX, Version 3.1415926-2.5-1.40.14 (TeX Live 2013/Debian) (format=pdflatex 2014.12.31)  30 SEP 2015 12:00
entering extended mode
 restricted \write18 enabled.
 %&-line parsing enabled.
**m_paper.tex
(./m_paper.tex
LaTeX2e <2011/06/27>
Babel <3.9h> and hyphenation patterns for 78 languages loaded.
(./mn2e.cls
Document Class: mn2e 2001/02/06 v2.2 LaTeX2e MN document class
Document Style `MN' v2.2, released 2001 February 20
\math@groups=\toks14
LaTeX Font Info:    Overwriting symbol font `symbols' in version `bold'
(Font)                  OMS/cmsy/b/n --> OMS/cmsy/b/n on input line 223.
\symbmisymbols=\mathgroup4
\symUPM=\mathgroup5
LaTeX Font Info:    Overwriting symbol font `UPM' in version `bold'
(Font)                  U/eur/m/n --> U/eur/b/n on input line 260.
\symAMSa=\mathgroup6
\SFB@measure=\dimen102
\realparindent=\skip41
\c@part=\count79
\c@section=\count80
\c@subsection=\count81
\c@subsubsection=\count82
\c@paragraph=\count83
\c@subparagraph=\count84
\@indentskip=\skip42
\smallindent=\skip43
\@footindent=\skip44
\@leftskip=\skip45
\c@dummy=\count85
(/usr/share/texlive/texmf-dist/tex/latex/natbib/natbib.sty
Package: natbib 2010/09/13 8.31b (PWD, AO)
\bibhang=\skip46
\bibsep=\skip47
LaTeX Info: Redefining \cite on input line 694.
\c@NAT@ctr=\count86
)
\c@table=\count87
\c@figure=\count88
\mathindent=\dimen103
)
(/usr/share/texlive/texmf-dist/tex/latex/graphics/graphicx.sty
Package: graphicx 1999/02/16 v1.0f Enhanced LaTeX Graphics (DPC,SPQR)

(/usr/share/texlive/texmf-dist/tex/latex/graphics/keyval.sty
Package: keyval 1999/03/16 v1.13 key=value parser (DPC)
\KV@toks@=\toks15
)
(/usr/share/texlive/texmf-dist/tex/latex/graphics/graphics.sty
Package: graphics 2009/02/05 v1.0o Standard LaTeX Graphics (DPC,SPQR)

(/usr/share/texlive/texmf-dist/tex/latex/graphics/trig.sty
Package: trig 1999/03/16 v1.09 sin cos tan (DPC)
)
(/usr/share/texlive/texmf-dist/tex/latex/latexconfig/graphics.cfg
File: graphics.cfg 2010/04/23 v1.9 graphics configuration of TeX Live
)
Package graphics Info: Driver file: pdftex.def on input line 91.

(/usr/share/texlive/texmf-dist/tex/latex/pdftex-def/pdftex.def
File: pdftex.def 2011/05/27 v0.06d Graphics/color for pdfTeX

(/usr/share/texlive/texmf-dist/tex/generic/oberdiek/infwarerr.sty
Package: infwarerr 2010/04/08 v1.3 Providing info/warning/error messages (HO)
)
(/usr/share/texlive/texmf-dist/tex/generic/oberdiek/ltxcmds.sty
Package: ltxcmds 2011/11/09 v1.22 LaTeX kernel commands for general use (HO)
)
\Gread@gobject=\count89
))
\Gin@req@height=\dimen104
\Gin@req@width=\dimen105
)
(/usr/share/texlive/texmf-dist/tex/latex/amsmath/amsmath.sty
Package: amsmath 2013/01/14 v2.14 AMS math features
\@mathmargin=\skip48

For additional information on amsmath, use the `?' option.
(/usr/share/texlive/texmf-dist/tex/latex/amsmath/amstext.sty
Package: amstext 2000/06/29 v2.01

(/usr/share/texlive/texmf-dist/tex/latex/amsmath/amsgen.sty
File: amsgen.sty 1999/11/30 v2.0
\@emptytoks=\toks16
\ex@=\dimen106
))
(/usr/share/texlive/texmf-dist/tex/latex/amsmath/amsbsy.sty
Package: amsbsy 1999/11/29 v1.2d
\pmbraise@=\dimen107
)
(/usr/share/texlive/texmf-dist/tex/latex/amsmath/amsopn.sty
Package: amsopn 1999/12/14 v2.01 operator names
)
\inf@bad=\count90
LaTeX Info: Redefining \frac on input line 210.
\uproot@=\count91
\leftroot@=\count92
LaTeX Info: Redefining \overline on input line 306.
\classnum@=\count93
\DOTSCASE@=\count94
LaTeX Info: Redefining \ldots on input line 378.
LaTeX Info: Redefining \dots on input line 381.
LaTeX Info: Redefining \cdots on input line 466.
\Mathstrutbox@=\box26
\strutbox@=\box27
\big@size=\dimen108
LaTeX Font Info:    Redeclaring font encoding OML on input line 566.
LaTeX Font Info:    Redeclaring font encoding OMS on input line 567.
\macc@depth=\count95
\c@MaxMatrixCols=\count96
\dotsspace@=\muskip10
\c@parentequation=\count97
\dspbrk@lvl=\count98
\tag@help=\toks17
\row@=\count99
\column@=\count100
\maxfields@=\count101
\andhelp@=\toks18
\eqnshift@=\dimen109
\alignsep@=\dimen110
\tagshift@=\dimen111
\tagwidth@=\dimen112
\totwidth@=\dimen113
\lineht@=\dimen114
\@envbody=\toks19
\multlinegap=\skip49
\multlinetaggap=\skip50
\mathdisplay@stack=\toks20
LaTeX Info: Redefining \[ on input line 2665.
LaTeX Info: Redefining \] on input line 2666.
)
(/usr/share/texlive/texmf-dist/tex/latex/base/fontenc.sty
Package: fontenc 2005/09/27 v1.99g Standard LaTeX package

(/usr/share/texlive/texmf-dist/tex/latex/base/t1enc.def
File: t1enc.def 2005/09/27 v1.99g Standard LaTeX file
LaTeX Font Info:    Redeclaring font encoding T1 on input line 43.
))
(/usr/share/texlive/texmf-dist/tex/latex/base/inputenc.sty
Package: inputenc 2008/03/30 v1.1d Input encoding file
\inpenc@prehook=\toks21
\inpenc@posthook=\toks22

(/usr/share/texlive/texmf-dist/tex/latex/base/utf8.def
File: utf8.def 2008/04/05 v1.1m UTF-8 support for inputenc
Now handling font encoding OML ...
... no UTF-8 mapping file for font encoding OML
Now handling font encoding T1 ...
... processing UTF-8 mapping file for font encoding T1

(/usr/share/texlive/texmf-dist/tex/latex/base/t1enc.dfu
File: t1enc.dfu 2008/04/05 v1.1m UTF-8 support for inputenc
   defining Unicode char U+00A1 (decimal 161)
   defining Unicode char U+00A3 (decimal 163)
   defining Unicode char U+00AB (decimal 171)
   defining Unicode char U+00BB (decimal 187)
   defining Unicode char U+00BF (decimal 191)
   defining Unicode char U+00C0 (decimal 192)
   defining Unicode char U+00C1 (decimal 193)
   defining Unicode char U+00C2 (decimal 194)
   defining Unicode char U+00C3 (decimal 195)
   defining Unicode char U+00C4 (decimal 196)
   defining Unicode char U+00C5 (decimal 197)
   defining Unicode char U+00C6 (decimal 198)
   defining Unicode char U+00C7 (decimal 199)
   defining Unicode char U+00C8 (decimal 200)
   defining Unicode char U+00C9 (decimal 201)
   defining Unicode char U+00CA (decimal 202)
   defining Unicode char U+00CB (decimal 203)
   defining Unicode char U+00CC (decimal 204)
   defining Unicode char U+00CD (decimal 205)
   defining Unicode char U+00CE (decimal 206)
   defining Unicode char U+00CF (decimal 207)
   defining Unicode char U+00D0 (decimal 208)
   defining Unicode char U+00D1 (decimal 209)
   defining Unicode char U+00D2 (decimal 210)
   defining Unicode char U+00D3 (decimal 211)
   defining Unicode char U+00D4 (decimal 212)
   defining Unicode char U+00D5 (decimal 213)
   defining Unicode char U+00D6 (decimal 214)
   defining Unicode char U+00D8 (decimal 216)
   defining Unicode char U+00D9 (decimal 217)
   defining Unicode char U+00DA (decimal 218)
   defining Unicode char U+00DB (decimal 219)
   defining Unicode char U+00DC (decimal 220)
   defining Unicode char U+00DD (decimal 221)
   defining Unicode char U+00DE (decimal 222)
   defining Unicode char U+00DF (decimal 223)
   defining Unicode char U+00E0 (decimal 224)
   defining Unicode char U+00E1 (decimal 225)
   defining Unicode char U+00E2 (decimal 226)
   defining Unicode char U+00E3 (decimal 227)
   defining Unicode char U+00E4 (decimal 228)
   defining Unicode char U+00E5 (decimal 229)
   defining Unicode char U+00E6 (decimal 230)
   defining Unicode char U+00E7 (decimal 231)
   defining Unicode char U+00E8 (decimal 232)
   defining Unicode char U+00E9 (decimal 233)
   defining Unicode char U+00EA (decimal 234)
   defining Unicode char U+00EB (decimal 235)
   defining Unicode char U+00EC (decimal 236)
   defining Unicode char U+00ED (decimal 237)
   defining Unicode char U+00EE (decimal 238)
   defining Unicode char U+00EF (decimal 239)
   defining Unicode char U+00F0 (decimal 240)
   defining Unicode char U+00F1 (decimal 241)
   defining Unicode char U+00F2 (decimal 242)
   defining Unicode char U+00F3 (decimal 243)
   defining Unicode char U+00F4 (decimal 244)
   defining Unicode char U+00F5 (decimal 245)
   defining Unicode char U+00F6 (decimal 246)
   defining Unicode char U+00F8 (decimal 248)
   defining Unicode char U+00F9 (decimal 249)
   defining Unicode char U+00FA (decimal 250)
   defining Unicode char U+00FB (decimal 251)
   defining Unicode char U+00FC (decimal 252)
   defining Unicode char U+00FD (decimal 253)
   defining Unicode char U+00FE (decimal 254)
   defining Unicode char U+00FF (decimal 255)
   defining Unicode char U+0102 (decimal 258)
   defining Unicode char U+0103 (decimal 259)
   defining Unicode char U+0104 (decimal 260)
   defining Unicode char U+0105 (decimal 261)
   defining Unicode char U+0106 (decimal 262)
   defining Unicode char U+0107 (decimal 263)
   defining Unicode char U+010C (decimal 268)
   defining Unicode char U+010D (decimal 269)
   defining Unicode char U+010E (decimal 270)
   defining Unicode char U+010F (decimal 271)
   defining Unicode char U+0110 (decimal 272)
   defining Unicode char U+0111 (decimal 273)
   defining Unicode char U+0118 (decimal 280)
   defining Unicode char U+0119 (decimal 281)
   defining Unicode char U+011A (decimal 282)
   defining Unicode char U+011B (decimal 283)
   defining Unicode char U+011E (decimal 286)
   defining Unicode char U+011F (decimal 287)
   defining Unicode char U+0130 (decimal 304)
   defining Unicode char U+0131 (decimal 305)
   defining Unicode char U+0132 (decimal 306)
   defining Unicode char U+0133 (decimal 307)
   defining Unicode char U+0139 (decimal 313)
   defining Unicode char U+013A (decimal 314)
   defining Unicode char U+013D (decimal 317)
   defining Unicode char U+013E (decimal 318)
   defining Unicode char U+0141 (decimal 321)
   defining Unicode char U+0142 (decimal 322)
   defining Unicode char U+0143 (decimal 323)
   defining Unicode char U+0144 (decimal 324)
   defining Unicode char U+0147 (decimal 327)
   defining Unicode char U+0148 (decimal 328)
   defining Unicode char U+014A (decimal 330)
   defining Unicode char U+014B (decimal 331)
   defining Unicode char U+0150 (decimal 336)
   defining Unicode char U+0151 (decimal 337)
   defining Unicode char U+0152 (decimal 338)
   defining Unicode char U+0153 (decimal 339)
   defining Unicode char U+0154 (decimal 340)
   defining Unicode char U+0155 (decimal 341)
   defining Unicode char U+0158 (decimal 344)
   defining Unicode char U+0159 (decimal 345)
   defining Unicode char U+015A (decimal 346)
   defining Unicode char U+015B (decimal 347)
   defining Unicode char U+015E (decimal 350)
   defining Unicode char U+015F (decimal 351)
   defining Unicode char U+0160 (decimal 352)
   defining Unicode char U+0161 (decimal 353)
   defining Unicode char U+0162 (decimal 354)
   defining Unicode char U+0163 (decimal 355)
   defining Unicode char U+0164 (decimal 356)
   defining Unicode char U+0165 (decimal 357)
   defining Unicode char U+016E (decimal 366)
   defining Unicode char U+016F (decimal 367)
   defining Unicode char U+0170 (decimal 368)
   defining Unicode char U+0171 (decimal 369)
   defining Unicode char U+0178 (decimal 376)
   defining Unicode char U+0179 (decimal 377)
   defining Unicode char U+017A (decimal 378)
   defining Unicode char U+017B (decimal 379)
   defining Unicode char U+017C (decimal 380)
   defining Unicode char U+017D (decimal 381)
   defining Unicode char U+017E (decimal 382)
   defining Unicode char U+200C (decimal 8204)
   defining Unicode char U+2013 (decimal 8211)
   defining Unicode char U+2014 (decimal 8212)
   defining Unicode char U+2018 (decimal 8216)
   defining Unicode char U+2019 (decimal 8217)
   defining Unicode char U+201A (decimal 8218)
   defining Unicode char U+201C (decimal 8220)
   defining Unicode char U+201D (decimal 8221)
   defining Unicode char U+201E (decimal 8222)
   defining Unicode char U+2030 (decimal 8240)
   defining Unicode char U+2031 (decimal 8241)
   defining Unicode char U+2039 (decimal 8249)
   defining Unicode char U+203A (decimal 8250)
   defining Unicode char U+2423 (decimal 9251)
)
Now handling font encoding OT1 ...
... processing UTF-8 mapping file for font encoding OT1

(/usr/share/texlive/texmf-dist/tex/latex/base/ot1enc.dfu
File: ot1enc.dfu 2008/04/05 v1.1m UTF-8 support for inputenc
   defining Unicode char U+00A1 (decimal 161)
   defining Unicode char U+00A3 (decimal 163)
   defining Unicode char U+00B8 (decimal 184)
   defining Unicode char U+00BF (decimal 191)
   defining Unicode char U+00C5 (decimal 197)
   defining Unicode char U+00C6 (decimal 198)
   defining Unicode char U+00D8 (decimal 216)
   defining Unicode char U+00DF (decimal 223)
   defining Unicode char U+00E6 (decimal 230)
   defining Unicode char U+00EC (decimal 236)
   defining Unicode char U+00ED (decimal 237)
   defining Unicode char U+00EE (decimal 238)
   defining Unicode char U+00EF (decimal 239)
   defining Unicode char U+00F8 (decimal 248)
   defining Unicode char U+0131 (decimal 305)
   defining Unicode char U+0141 (decimal 321)
   defining Unicode char U+0142 (decimal 322)
   defining Unicode char U+0152 (decimal 338)
   defining Unicode char U+0153 (decimal 339)
   defining Unicode char U+2013 (decimal 8211)
   defining Unicode char U+2014 (decimal 8212)
   defining Unicode char U+2018 (decimal 8216)
   defining Unicode char U+2019 (decimal 8217)
   defining Unicode char U+201C (decimal 8220)
   defining Unicode char U+201D (decimal 8221)
)
Now handling font encoding OMS ...
... processing UTF-8 mapping file for font encoding OMS

(/usr/share/texlive/texmf-dist/tex/latex/base/omsenc.dfu
File: omsenc.dfu 2008/04/05 v1.1m UTF-8 support for inputenc
   defining Unicode char U+00A7 (decimal 167)
   defining Unicode char U+00B6 (decimal 182)
   defining Unicode char U+00B7 (decimal 183)
   defining Unicode char U+2020 (decimal 8224)
   defining Unicode char U+2021 (decimal 8225)
   defining Unicode char U+2022 (decimal 8226)
)
Now handling font encoding OMX ...
... no UTF-8 mapping file for font encoding OMX
Now handling font encoding U ...
... no UTF-8 mapping file for font encoding U
   defining Unicode char U+00A9 (decimal 169)
   defining Unicode char U+00AA (decimal 170)
   defining Unicode char U+00AE (decimal 174)
   defining Unicode char U+00BA (decimal 186)
   defining Unicode char U+02C6 (decimal 710)
   defining Unicode char U+02DC (decimal 732)
   defining Unicode char U+200C (decimal 8204)
   defining Unicode char U+2026 (decimal 8230)
   defining Unicode char U+2122 (decimal 8482)
   defining Unicode char U+2423 (decimal 9251)
))
(/usr/share/texmf/tex/latex/xcolor/xcolor.sty
Package: xcolor 2007/01/21 v2.11 LaTeX color extensions (UK)

(/usr/share/texlive/texmf-dist/tex/latex/latexconfig/color.cfg
File: color.cfg 2007/01/18 v1.5 color configuration of teTeX/TeXLive
)
Package xcolor Info: Package option `usenames' ignored on input line 216.
Package xcolor Info: Driver file: pdftex.def on input line 225.

(/usr/share/texlive/texmf-dist/tex/latex/colortbl/colortbl.sty
Package: colortbl 2012/02/13 v1.0a Color table columns (DPC)

(/usr/share/texlive/texmf-dist/tex/latex/tools/array.sty
Package: array 2008/09/09 v2.4c Tabular extension package (FMi)
\col@sep=\dimen115
\extrarowheight=\dimen116
\NC@list=\toks23
\extratabsurround=\skip51
\backup@length=\skip52
)
\everycr=\toks24
\minrowclearance=\skip53
)
\rownum=\count102
Package xcolor Info: Model `cmy' substituted by `cmy0' on input line 1337.
Package xcolor Info: Model `hsb' substituted by `rgb' on input line 1341.
Package xcolor Info: Model `RGB' extended on input line 1353.
Package xcolor Info: Model `HTML' substituted by `rgb' on input line 1355.
Package xcolor Info: Model `Hsb' substituted by `hsb' on input line 1356.
Package xcolor Info: Model `tHsb' substituted by `hsb' on input line 1357.
Package xcolor Info: Model `HSB' substituted by `hsb' on input line 1358.
Package xcolor Info: Model `Gray' substituted by `gray' on input line 1359.
Package xcolor Info: Model `wave' substituted by `hsb' on input line 1360.

(/usr/share/texlive/texmf-dist/tex/latex/graphics/dvipsnam.def
File: dvipsnam.def 1999/02/16 v3.0i Driver-dependant file (DPC,SPQR)
)
(/usr/share/texmf/tex/latex/xcolor/svgnam.def
File: svgnam.def 2007/01/21 v2.11 Predefined colors according to SVG 1.1 (UK)
)) (./m_paper.aux)
\openout1 = `m_paper.aux'.

LaTeX Font Info:    Checking defaults for OML/cmm/m/it on input line 40.
LaTeX Font Info:    ... okay on input line 40.
LaTeX Font Info:    Checking defaults for T1/cmr/m/n on input line 40.
LaTeX Font Info:    ... okay on input line 40.
LaTeX Font Info:    Checking defaults for OT1/cmr/m/n on input line 40.
LaTeX Font Info:    ... okay on input line 40.
LaTeX Font Info:    Checking defaults for OMS/cmsy/m/n on input line 40.
LaTeX Font Info:    ... okay on input line 40.
LaTeX Font Info:    Checking defaults for OMX/cmex/m/n on input line 40.
LaTeX Font Info:    ... okay on input line 40.
LaTeX Font Info:    Checking defaults for U/cmr/m/n on input line 40.
LaTeX Font Info:    ... okay on input line 40.

(/usr/share/texlive/texmf-dist/tex/context/base/supp-pdf.mkii
[Loading MPS to PDF converter (version 2006.09.02).]
\scratchcounter=\count103
\scratchdimen=\dimen117
\scratchbox=\box28
\nofMPsegments=\count104
\nofMParguments=\count105
\everyMPshowfont=\toks25
\MPscratchCnt=\count106
\MPscratchDim=\dimen118
\MPnumerator=\count107
\makeMPintoPDFobject=\count108
\everyMPtoPDFconversion=\toks26
) (/usr/share/texlive/texmf-dist/tex/generic/oberdiek/pdftexcmds.sty
Package: pdftexcmds 2011/11/29 v0.20 Utility functions of pdfTeX for LuaTeX (HO
)

(/usr/share/texlive/texmf-dist/tex/generic/oberdiek/ifluatex.sty
Package: ifluatex 2010/03/01 v1.3 Provides the ifluatex switch (HO)
Package ifluatex Info: LuaTeX not detected.
)
(/usr/share/texlive/texmf-dist/tex/generic/oberdiek/ifpdf.sty
Package: ifpdf 2011/01/30 v2.3 Provides the ifpdf switch (HO)
Package ifpdf Info: pdfTeX in PDF mode is detected.
)
Package pdftexcmds Info: LuaTeX not detected.
Package pdftexcmds Info: \pdf@primitive is available.
Package pdftexcmds Info: \pdf@ifprimitive is available.
Package pdftexcmds Info: \pdfdraftmode found.
)
(/usr/share/texlive/texmf-dist/tex/latex/oberdiek/epstopdf-base.sty
Package: epstopdf-base 2010/02/09 v2.5 Base part for package epstopdf

(/usr/share/texlive/texmf-dist/tex/latex/oberdiek/grfext.sty
Package: grfext 2010/08/19 v1.1 Manage graphics extensions (HO)

(/usr/share/texlive/texmf-dist/tex/generic/oberdiek/kvdefinekeys.sty
Package: kvdefinekeys 2011/04/07 v1.3 Define keys (HO)
))
(/usr/share/texlive/texmf-dist/tex/latex/oberdiek/kvoptions.sty
Package: kvoptions 2011/06/30 v3.11 Key value format for package options (HO)

(/usr/share/texlive/texmf-dist/tex/generic/oberdiek/kvsetkeys.sty
Package: kvsetkeys 2012/04/25 v1.16 Key value parser (HO)

(/usr/share/texlive/texmf-dist/tex/generic/oberdiek/etexcmds.sty
Package: etexcmds 2011/02/16 v1.5 Avoid name clashes with e-TeX commands (HO)
Package etexcmds Info: Could not find \expanded.
(etexcmds)             That can mean that you are not using pdfTeX 1.50 or
(etexcmds)             that some package has redefined \expanded.
(etexcmds)             In the latter case, load this package earlier.
)))
Package grfext Info: Graphics extension search list:
(grfext)             [.png,.pdf,.jpg,.mps,.jpeg,.jbig2,.jb2,.PNG,.PDF,.JPG,.JPE
G,.JBIG2,.JB2,.eps]
(grfext)             \AppendGraphicsExtensions on input line 452.

(/usr/share/texlive/texmf-dist/tex/latex/latexconfig/epstopdf-sys.cfg
File: epstopdf-sys.cfg 2010/07/13 v1.3 Configuration of (r)epstopdf for TeX Liv
e
))
LaTeX Font Info:    Try loading font information for U+eur on input line 46.

(/usr/share/texlive/texmf-dist/tex/latex/amsfonts/ueur.fd
File: ueur.fd 2013/01/14 v3.01 Euler Roman
)
LaTeX Font Info:    Try loading font information for U+msa on input line 46.

(/usr/share/texlive/texmf-dist/tex/latex/amsfonts/umsa.fd
File: umsa.fd 2013/01/14 v3.01 AMS symbols A
)
LaTeX Font Info:    Try loading font information for OMS+cmr on input line 97.

(/usr/share/texlive/texmf-dist/tex/latex/base/omscmr.fd
File: omscmr.fd 1999/05/25 v2.5h Standard LaTeX font definitions
)
LaTeX Font Info:    Font shape `OMS/cmr/m/n' in size <8> not available
(Font)              Font shape `OMS/cmsy/m/n' tried instead on input line 97.
 [1{/var/lib/texmf/fonts/map/pdftex/updmap/pdftex.map}


]

Package natbib Warning: Citation `Smirnov-FSCN' on page 2 undefined on input li
ne 110.

[2] [3] <./Figures/uvcov.png, id=42, 721.94719pt x 595.47469pt>
File: ./Figures/uvcov.png Graphic file (type png)

<use ./Figures/uvcov.png>
Package pdftex.def Info: ./Figures/uvcov.png used on input line 393.
(pdftex.def)             Requested size: 240.0pt x 197.95195pt.

<./Figures/idealIPRgrey.png, id=43, 513.117pt x 440.847pt>
File: ./Figures/idealIPRgrey.png Graphic file (type png)

<use ./Figures/idealIPRgrey.png>
Package pdftex.def Info: ./Figures/idealIPRgrey.png used on input line 402.
(pdftex.def)             Requested size: 201.59692pt x 173.20099pt.

<./Figures/idealsincgrey.png, id=45, 513.117pt x 440.847pt>
File: ./Figures/idealsincgrey.png Graphic file (type png)

<use ./Figures/idealsincgrey.png>
Package pdftex.def Info: ./Figures/idealsincgrey.png used on input line 403.
(pdftex.def)             Requested size: 201.59692pt x 173.20099pt.

<./Figures/effect_time_averaging.png, id=46, 514.5624pt x 442.2924pt>
File: ./Figures/effect_time_averaging.png Graphic file (type png)

<use ./Figures/effect_time_averaging.png>
Package pdftex.def Info: ./Figures/effect_time_averaging.png used on input line
 434.
(pdftex.def)             Requested size: 240.0pt x 206.29147pt.

<./Figures/effect_bandwidth_averaging.png, id=47, 514.5624pt x 442.2924pt>
File: ./Figures/effect_bandwidth_averaging.png Graphic file (type png)

<use ./Figures/effect_bandwidth_averaging.png>
Package pdftex.def Info: ./Figures/effect_bandwidth_averaging.png used on input
 line 435.
(pdftex.def)             Requested size: 240.0pt x 206.29147pt.


Package natbib Warning: Citation `Perley2013' on page 4 undefined on input line
 447.

[4 <./Figures/uvcov.png (PNG copy)>]
Underfull \vbox (badness 10000) has occurred while \output is active []

 [5 <./Figures/idealIPRgrey.png> <./Figures/idealsincgrey.png> <./Figures/effec
t_time_averaging.png> <./Figures/effect_bandwidth_averaging.png>]
Overfull \hbox (10.59479pt too wide) in paragraph at lines 485--505
[][] 
 []

<Figures/boxcargrey.png, id=59, 513.117pt x 440.847pt>
File: Figures/boxcargrey.png Graphic file (type png)

<use Figures/boxcargrey.png>
Package pdftex.def Info: Figures/boxcargrey.png used on input line 531.
(pdftex.def)             Requested size: 120.0pt x 103.09454pt.

<Figures/freq_resp_boxgrey.png, id=60, 513.117pt x 440.847pt>
File: Figures/freq_resp_boxgrey.png Graphic file (type png)

<use Figures/freq_resp_boxgrey.png>
Package pdftex.def Info: Figures/freq_resp_boxgrey.png used on input line 531.
(pdftex.def)             Requested size: 120.0pt x 103.09454pt.

<./Figures/gaussiangrey.png, id=61, 513.117pt x 440.847pt>
File: ./Figures/gaussiangrey.png Graphic file (type png)

<use ./Figures/gaussiangrey.png>
Package pdftex.def Info: ./Figures/gaussiangrey.png used on input line 550.
(pdftex.def)             Requested size: 120.0pt x 103.09454pt.

<./Figures/freq_resp_gaussiangrey.png, id=62, 513.117pt x 440.847pt>
File: ./Figures/freq_resp_gaussiangrey.png Graphic file (type png)

<use ./Figures/freq_resp_gaussiangrey.png>
Package pdftex.def Info: ./Figures/freq_resp_gaussiangrey.png used on input lin
e 550.
(pdftex.def)             Requested size: 120.0pt x 103.09454pt.

<./Figures/butterworthgrey.png, id=63, 513.117pt x 440.847pt>
File: ./Figures/butterworthgrey.png Graphic file (type png)

<use ./Figures/butterworthgrey.png>
Package pdftex.def Info: ./Figures/butterworthgrey.png used on input line 566.
(pdftex.def)             Requested size: 120.0pt x 103.09454pt.

<./Figures/freq_resp_butterworthgrey.png, id=64, 513.117pt x 440.847pt>
File: ./Figures/freq_resp_butterworthgrey.png Graphic file (type png)

<use ./Figures/freq_resp_butterworthgrey.png>
Package pdftex.def Info: ./Figures/freq_resp_butterworthgrey.png used on input 
line 566.
(pdftex.def)             Requested size: 120.0pt x 103.09454pt.
 [6 <./Figures/boxcargrey.png> <./Figures/freq_resp_boxgrey.png> <./Figures/gau
ssiangrey.png> <./Figures/freq_resp_gaussiangrey.png>] <./Figures/prolategrey.p
ng, id=72, 513.117pt x 440.847pt>
File: ./Figures/prolategrey.png Graphic file (type png)

<use ./Figures/prolategrey.png>
Package pdftex.def Info: ./Figures/prolategrey.png used on input line 582.
(pdftex.def)             Requested size: 120.0pt x 103.09454pt.

<./Figures/freq_resp_prolategrey.png, id=73, 513.117pt x 440.847pt>
File: ./Figures/freq_resp_prolategrey.png Graphic file (type png)

<use ./Figures/freq_resp_prolategrey.png>
Package pdftex.def Info: ./Figures/freq_resp_prolategrey.png used on input line
 582.
(pdftex.def)             Requested size: 120.0pt x 103.09454pt.

<./Figures/sincgrey.png, id=74, 513.117pt x 440.847pt>
File: ./Figures/sincgrey.png Graphic file (type png)

<use ./Figures/sincgrey.png>
Package pdftex.def Info: ./Figures/sincgrey.png used on input line 598.
(pdftex.def)             Requested size: 120.0pt x 103.09454pt.

<./Figures/freq_resp_sincgrey.png, id=75, 513.117pt x 440.847pt>
File: ./Figures/freq_resp_sincgrey.png Graphic file (type png)

<use ./Figures/freq_resp_sincgrey.png>
Package pdftex.def Info: ./Figures/freq_resp_sincgrey.png used on input line 59
8.
(pdftex.def)             Requested size: 120.0pt x 103.09454pt.

<./Figures/besselgrey.png, id=76, 513.117pt x 440.847pt>
File: ./Figures/besselgrey.png Graphic file (type png)

<use ./Figures/besselgrey.png>
Package pdftex.def Info: ./Figures/besselgrey.png used on input line 609.
(pdftex.def)             Requested size: 120.0pt x 103.09454pt.

<./Figures/freq_resp_besselgrey.png, id=77, 513.117pt x 440.847pt>
File: ./Figures/freq_resp_besselgrey.png Graphic file (type png)

<use ./Figures/freq_resp_besselgrey.png>
Package pdftex.def Info: ./Figures/freq_resp_besselgrey.png used on input line 
609.
(pdftex.def)             Requested size: 120.0pt x 103.09454pt.

<./Figures/sinc-hamminggrey.png, id=78, 513.117pt x 440.847pt>
File: ./Figures/sinc-hamminggrey.png Graphic file (type png)

<use ./Figures/sinc-hamminggrey.png>
Package pdftex.def Info: ./Figures/sinc-hamminggrey.png used on input line 620.

(pdftex.def)             Requested size: 126.0pt x 108.25398pt.

<./Figures/freq_resp_sinc-hamminggrey.png, id=79, 513.117pt x 440.847pt>
File: ./Figures/freq_resp_sinc-hamminggrey.png Graphic file (type png)

<use ./Figures/freq_resp_sinc-hamminggrey.png>
Package pdftex.def Info: ./Figures/freq_resp_sinc-hamminggrey.png used on input
 line 621.
(pdftex.def)             Requested size: 126.0pt x 108.25398pt.

<./Figures/bessel-hamminggrey.png, id=80, 513.117pt x 440.847pt>
File: ./Figures/bessel-hamminggrey.png Graphic file (type png)

<use ./Figures/bessel-hamminggrey.png>
Package pdftex.def Info: ./Figures/bessel-hamminggrey.png used on input line 62
2.
(pdftex.def)             Requested size: 126.0pt x 108.25398pt.

<./Figures/freq_resp_bessel-hamminggrey.png, id=81, 513.117pt x 440.847pt>
File: ./Figures/freq_resp_bessel-hamminggrey.png Graphic file (type png)

<use ./Figures/freq_resp_bessel-hamminggrey.png>
Package pdftex.def Info: ./Figures/freq_resp_bessel-hamminggrey.png used on inp
ut line 623.
(pdftex.def)             Requested size: 126.0pt x 108.25398pt.

Overfull \hbox (9.74655pt too wide) in paragraph at lines 665--696
[][] 
 []

[7 <./Figures/butterworthgrey.png> <./Figures/freq_resp_butterworthgrey.png> <.
/Figures/prolategrey.png> <./Figures/freq_resp_prolategrey.png> <./Figures/sinc
grey.png> <./Figures/freq_resp_sincgrey.png> <./Figures/besselgrey.png> <./Figu
res/freq_resp_besselgrey.png>]
Underfull \hbox (badness 3690) in paragraph at lines 708--709
[]\T1/cmr/m/n/9 To con-struct two-dimensional BD-WFs from one-
 []


<./Figures/sinc-baseline_longMidShortshortgrey.png, id=94, 513.117pt x 440.847p
t>
File: ./Figures/sinc-baseline_longMidShortshortgrey.png Graphic file (type png)

 <use ./Figures/sinc-baseline_longMidShortshortgrey.png>
Package pdftex.def Info: ./Figures/sinc-baseline_longMidShortshortgrey.png used
 on input line 744.
(pdftex.def)             Requested size: 201.59692pt x 173.20099pt.

<./Figures/bessel-baseline_longMidShortshortgrey.png, id=95, 513.117pt x 440.84
7pt>
File: ./Figures/bessel-baseline_longMidShortshortgrey.png Graphic file (type pn
g)
 <use ./Figures/bessel-baseline_longMidShortshortgrey.png>
Package pdftex.def Info: ./Figures/bessel-baseline_longMidShortshortgrey.png us
ed on input line 745.
(pdftex.def)             Requested size: 201.59692pt x 173.20099pt.

<./Figures/corrSigVLAMxBl_overlapGdelta.png, id=96, 514.5624pt x 442.2924pt>
File: ./Figures/corrSigVLAMxBl_overlapGdelta.png Graphic file (type png)

<use ./Figures/corrSigVLAMxBl_overlapGdelta.png>
Package pdftex.def Info: ./Figures/corrSigVLAMxBl_overlapGdelta.png used on inp
ut line 771.
(pdftex.def)             Requested size: 240.0pt x 206.29147pt.
 [8 <./Figures/sinc-hamminggrey.png> <./Figures/freq_resp_sinc-hamminggrey.png>
 <./Figures/bessel-hamminggrey.png> <./Figures/freq_resp_bessel-hamminggrey.png
>]
Underfull \hbox (badness 10000) in paragraph at lines 792--795
[]\T1/cmr/m/n/9 To dis-tin-guish over-lap-ping BD-WFs from non-
 []


Underfull \vbox (badness 10000) has occurred while \output is active []

 [9 <./Figures/sinc-baseline_longMidShortshortgrey.png> <./Figures/bessel-basel
ine_longMidShortshortgrey.png> <./Figures/corrSigVLAMxBl_overlapGdelta.png>]
<./Figures/per-baseline-noise-ratio-sinc.png, id=111, 505.89pt x 433.62pt>
File: ./Figures/per-baseline-noise-ratio-sinc.png Graphic file (type png)

<use ./Figures/per-baseline-noise-ratio-sinc.png>
Package pdftex.def Info: ./Figures/per-baseline-noise-ratio-sinc.png used on in
put line 926.
(pdftex.def)             Requested size: 201.59692pt x 172.79651pt.

<./Figures/per-baseline-noise-ratio-bessel.png, id=112, 505.89pt x 433.62pt>
File: ./Figures/per-baseline-noise-ratio-bessel.png Graphic file (type png)

<use ./Figures/per-baseline-noise-ratio-bessel.png>
Package pdftex.def Info: ./Figures/per-baseline-noise-ratio-bessel.png used on 
input line 927.
(pdftex.def)             Requested size: 201.59692pt x 172.79651pt.

<./Figures/suppression-10x100-3wfs.png, id=113, 1156.32pt x 722.7pt>
File: ./Figures/suppression-10x100-3wfs.png Graphic file (type png)

<use ./Figures/suppression-10x100-3wfs.png>
Package pdftex.def Info: ./Figures/suppression-10x100-3wfs.png used on input li
ne 958.
(pdftex.def)             Requested size: 453.59692pt x 283.49496pt.

<./Figures/relsuppression-10x100-3wfs.png, id=114, 1156.32pt x 722.7pt>
File: ./Figures/relsuppression-10x100-3wfs.png Graphic file (type png)

<use ./Figures/relsuppression-10x100-3wfs.png>
Package pdftex.def Info: ./Figures/relsuppression-10x100-3wfs.png used on input
 line 966.
(pdftex.def)             Requested size: 453.59692pt x 283.49496pt.
 [10]
Underfull \vbox (badness 10000) has occurred while \output is active []


Underfull \vbox (badness 10000) has occurred while \output is active []

 [11 <./Figures/per-baseline-noise-ratio-sinc.png> <./Figures/per-baseline-nois
e-ratio-bessel.png> <./Figures/suppression-10x100-3wfs.png>]
<./Figures/suppression-longsynth.png, id=124, 1156.32pt x 722.7pt>
File: ./Figures/suppression-longsynth.png Graphic file (type png)

<use ./Figures/suppression-longsynth.png>
Package pdftex.def Info: ./Figures/suppression-longsynth.png used on input line
 1042.
(pdftex.def)             Requested size: 453.59692pt x 283.49496pt.

Underfull \vbox (badness 10000) has occurred while \output is active []

 [12 <./Figures/relsuppression-10x100-3wfs.png>]
<./Figures/suppression-25-100-sincs.png, id=129, 1156.32pt x 722.7pt>
File: ./Figures/suppression-25-100-sincs.png Graphic file (type png)

<use ./Figures/suppression-25-100-sincs.png>
Package pdftex.def Info: ./Figures/suppression-25-100-sincs.png used on input l
ine 1092.
(pdftex.def)             Requested size: 453.59692pt x 283.49496pt.

<./Figures/suppression-14GHz.png, id=130, 1156.32pt x 722.7pt>
File: ./Figures/suppression-14GHz.png Graphic file (type png)

<use ./Figures/suppression-14GHz.png>
Package pdftex.def Info: ./Figures/suppression-14GHz.png used on input line 110
0.
(pdftex.def)             Requested size: 453.59692pt x 283.49496pt.
 [13 <./Figures/suppression-longsynth.png>]
Underfull \vbox (badness 10000) has occurred while \output is active []

 [14 <./Figures/suppression-25-100-sincs.png> <./Figures/suppression-14GHz.png>
]
Underfull \hbox (badness 1308) in paragraph at lines 1119--1123
[]\T1/cmr/m/n/9 This il-lus-trates that 50s$\OMS/cmsy/m/n/9 ^^B$\T1/cmr/m/n/9 5
MHz is an ap-pro-pri-ate
 []

<./Figures/suppression-vlbi.png, id=141, 1156.32pt x 722.7pt>
File: ./Figures/suppression-vlbi.png Graphic file (type png)

<use ./Figures/suppression-vlbi.png>
Package pdftex.def Info: ./Figures/suppression-vlbi.png used on input line 1136
.
(pdftex.def)             Requested size: 453.59692pt x 283.49496pt.

Underfull \vbox (badness 10000) has occurred while \output is active []


(./m_paper.bbl [15])

Package natbib Warning: There were undefined citations.

[16 <./Figures/suppression-vlbi.png>] (./m_paper.aux) ) 
Here is how much of TeX's memory you used:
 4226 strings out of 493304
 56219 string characters out of 6139870
 141216 words of memory out of 5000000
 7549 multiletter control sequences out of 15000+600000
 29788 words of font info for 83 fonts, out of 8000000 for 9000
 957 hyphenation exceptions out of 8191
 41i,16n,35p,597b,320s stack positions out of 5000i,500n,10000p,200000b,80000s
{/usr/share/texmf/fonts/
enc/dvips/cm-super/cm-super-t1.enc}</usr/share/texlive/texmf-dist/fonts/type1/p
ublic/amsfonts/cm/cmbx9.pfb></usr/share/texlive/texmf-dist/fonts/type1/public/a
msfonts/cmextra/cmex9.pfb></usr/share/texlive/texmf-dist/fonts/type1/public/ams
fonts/cm/cmmi10.pfb></usr/share/texlive/texmf-dist/fonts/type1/public/amsfonts/
cm/cmmi5.pfb></usr/share/texlive/texmf-dist/fonts/type1/public/amsfonts/cm/cmmi
6.pfb></usr/share/texlive/texmf-dist/fonts/type1/public/amsfonts/cm/cmmi8.pfb><
/usr/share/texlive/texmf-dist/fonts/type1/public/amsfonts/cm/cmmi9.pfb></usr/sh
are/texlive/texmf-dist/fonts/type1/public/amsfonts/cmextra/cmmib9.pfb></usr/sha
re/texlive/texmf-dist/fonts/type1/public/amsfonts/cm/cmr10.pfb></usr/share/texl
ive/texmf-dist/fonts/type1/public/amsfonts/cm/cmr5.pfb></usr/share/texlive/texm
f-dist/fonts/type1/public/amsfonts/cm/cmr6.pfb></usr/share/texlive/texmf-dist/f
onts/type1/public/amsfonts/cm/cmr8.pfb></usr/share/texlive/texmf-dist/fonts/typ
e1/public/amsfonts/cm/cmr9.pfb></usr/share/texlive/texmf-dist/fonts/type1/publi
c/amsfonts/cm/cmss8.pfb></usr/share/texlive/texmf-dist/fonts/type1/public/amsfo
nts/cm/cmss9.pfb></usr/share/texlive/texmf-dist/fonts/type1/public/amsfonts/cm/
cmsy6.pfb></usr/share/texlive/texmf-dist/fonts/type1/public/amsfonts/cm/cmsy8.p
fb></usr/share/texlive/texmf-dist/fonts/type1/public/amsfonts/cm/cmsy9.pfb></us
r/share/texlive/texmf-dist/fonts/type1/public/amsfonts/symbols/msam10.pfb></usr
/share/texmf/fonts/type1/public/cm-super/sfbx0800.pfb></usr/share/texmf/fonts/t
ype1/public/cm-super/sfbx0900.pfb></usr/share/texmf/fonts/type1/public/cm-super
/sfbx1000.pfb></usr/share/texmf/fonts/type1/public/cm-super/sfbx1728.pfb></usr/
share/texmf/fonts/type1/public/cm-super/sfrm0600.pfb></usr/share/texmf/fonts/ty
pe1/public/cm-super/sfrm0800.pfb></usr/share/texmf/fonts/type1/public/cm-super/
sfrm0900.pfb></usr/share/texmf/fonts/type1/public/cm-super/sfrm1000.pfb></usr/s
hare/texmf/fonts/type1/public/cm-super/sfrm1200.pfb></usr/share/texmf/fonts/typ
e1/public/cm-super/sfrm1440.pfb></usr/share/texmf/fonts/type1/public/cm-super/s
fti0800.pfb></usr/share/texmf/fonts/type1/public/cm-super/sfti0900.pfb></usr/sh
are/texmf/fonts/type1/public/cm-super/sfti1200.pfb>
Output written on m_paper.pdf (16 pages, 2439383 bytes).
PDF statistics:
 250 PDF objects out of 1000 (max. 8388607)
 135 compressed objects within 2 object streams
 0 named destinations out of 1000 (max. 500000)
 161 words of extra memory for PDF output out of 10000 (max. 10000000)

